<?xml version="1.0" encoding="UTF-8"?>
<Site BuildName="Win32-mingw32-make"
	BuildStamp="20230606-0247-Experimental"
	Name="WIN-3FT7RFE9VCM"
	Generator="ctest-3.26.4"
	CompilerName="C:/msys64/ucrt64/bin/g++.exe"
	CompilerVersion="13.1.0"
	OSName="Windows"
	Hostname="WIN-3FT7RFE9VCM"
	OSRelease=" Professional"
	OSVersion=" (Build 19045)"
	OSPlatform="AMD64"
	Is64Bits="1"
	VendorString="AuthenticAMD"
	VendorID="Advanced Micro Devices"
	FamilyID="15"
	ModelID="0"
	ProcessorCacheSize="64"
	NumberOfLogicalCPU="12"
	NumberOfPhysicalCPU="6"
	TotalVirtualMemory="31742"
	TotalPhysicalMemory="15742"
	LogicalProcessorsPerPhysical="2"
	ProcessorClockFrequency="3921"
	>
	<Testing>
		<StartDateTime>Jun 06 10:47 Malay Peninsula Standard Time</StartDateTime>
		<StartTestTime>1686019648</StartTestTime>
		<TestList/>
		<EndDateTime>Jun 06 10:47 Malay Peninsula Standard Time</EndDateTime>
		<EndTestTime>1686019648</EndTestTime>
		<ElapsedMinutes>0</ElapsedMinutes>
	</Testing>
</Site>
